<?xml version="1.0" encoding="UTF-8"?>
<!-- Generated by org.testng.reporters.JUnitReportReporter -->
<testsuite hostname="DESKTOP-2BCNF36" failures="0" tests="2" name="com.foodbox.NewTest" time="3.602" errors="0" timestamp="22 Okt. 2021 23:48:47 GMT" skipped="0">
  <testcase classname="com.foodbox.NewTest" name="frameTest" time="0.485"/>
  <testcase classname="com.foodbox.NewTest" name="dashboardTest" time="3.117"/>
</testsuite> <!-- com.foodbox.NewTest -->
